2022-12-27 11:44:27 INFO     D:\Downloads\Demos\70401.rar has been created!
2022-12-27 11:44:32 INFO     D:\Downloads\Demos\70401.rar has been modified!
2022-12-27 11:44:33 INFO     Calling analyzer_sorter: analyzer = demo_analyzer_sorter.DemoAnalyzerSorter(indentation=True,dirs=[D:\Downloads\Demos\70401\],log=None,maps_dir='E:\PhD\MachineLearning\CSGOData\ParsedDemos',json_ending=_70401)
2022-12-27 11:44:33 INFO     Scanning directory: D:\Downloads\Demos\70401\
2022-12-27 11:44:33 INFO     At file: winx-vs-forze-inferno.dem
2022-12-27 11:44:40 INFO     Source: D:\Downloads\Demos\70401\winx-vs-forze-inferno.json
2022-12-27 11:44:40 INFO     Destination: E:\PhD\MachineLearning\CSGOData\ParsedDemos\inferno\winx-vs-forze-inferno_70401.json
2022-12-27 11:44:40 INFO     Moved json to: E:\PhD\MachineLearning\CSGOData\ParsedDemos\inferno\winx-vs-forze-inferno_70401.json
2022-12-27 11:44:40 INFO     Analyzed a total of 1 demos!
2022-12-27 11:44:41 INFO     D:\Downloads\Demos\70402.rar has been created!
2022-12-27 11:44:41 INFO     D:\Downloads\Demos\70401.rar has been deleted!
2022-12-27 11:44:41 INFO     D:\Downloads\Demos\70402.rar has been modified!
2022-12-27 11:44:42 INFO     Calling analyzer_sorter: analyzer = demo_analyzer_sorter.DemoAnalyzerSorter(indentation=True,dirs=[D:\Downloads\Demos\70402\],log=None,maps_dir='E:\PhD\MachineLearning\CSGOData\ParsedDemos',json_ending=_70402)
2022-12-27 11:44:42 INFO     Scanning directory: D:\Downloads\Demos\70402\
2022-12-27 11:44:42 INFO     At file: tribute-to-tribute-vs-old-but-gold-m1-inferno.dem
2022-12-27 11:44:46 INFO     Source: D:\Downloads\Demos\70402\tribute-to-tribute-vs-old-but-gold-m1-inferno.json
2022-12-27 11:44:46 INFO     Destination: E:\PhD\MachineLearning\CSGOData\ParsedDemos\inferno\tribute-to-tribute-vs-old-but-gold-m1-inferno_70402.json
2022-12-27 11:44:46 INFO     Moved json to: E:\PhD\MachineLearning\CSGOData\ParsedDemos\inferno\tribute-to-tribute-vs-old-but-gold-m1-inferno_70402.json
2022-12-27 11:44:46 INFO     At file: tribute-to-tribute-vs-old-but-gold-m2-mirage.dem
2022-12-27 11:44:49 INFO     Source: D:\Downloads\Demos\70402\tribute-to-tribute-vs-old-but-gold-m2-mirage.json
2022-12-27 11:44:49 INFO     Destination: E:\PhD\MachineLearning\CSGOData\ParsedDemos\mirage\tribute-to-tribute-vs-old-but-gold-m2-mirage_70402.json
2022-12-27 11:44:49 INFO     Moved json to: E:\PhD\MachineLearning\CSGOData\ParsedDemos\mirage\tribute-to-tribute-vs-old-but-gold-m2-mirage_70402.json
2022-12-27 11:44:49 INFO     Analyzed a total of 2 demos!
2022-12-27 11:44:49 INFO     D:\Downloads\Demos\70403.rar has been created!
2022-12-27 11:44:49 INFO     D:\Downloads\Demos\70403.rar has been modified!
2022-12-27 11:44:50 INFO     Calling analyzer_sorter: analyzer = demo_analyzer_sorter.DemoAnalyzerSorter(indentation=True,dirs=[D:\Downloads\Demos\70403\],log=None,maps_dir='E:\PhD\MachineLearning\CSGOData\ParsedDemos',json_ending=_70403)
2022-12-27 11:44:50 INFO     Scanning directory: D:\Downloads\Demos\70403\
2022-12-27 11:44:50 INFO     At file: 1shot-vs-illuminar-dust2.dem
2022-12-27 11:44:56 INFO     Source: D:\Downloads\Demos\70403\1shot-vs-illuminar-dust2.json
2022-12-27 11:44:56 INFO     Destination: E:\PhD\MachineLearning\CSGOData\ParsedDemos\mirage\1shot-vs-illuminar-dust2_70403.json
2022-12-27 11:44:56 INFO     Moved json to: E:\PhD\MachineLearning\CSGOData\ParsedDemos\mirage\1shot-vs-illuminar-dust2_70403.json
2022-12-27 11:44:56 INFO     Analyzed a total of 1 demos!
2022-12-27 11:44:56 INFO     D:\Downloads\Demos\70402.rar has been deleted!
2022-12-27 11:44:56 INFO     D:\Downloads\Demos\70404.rar has been created!
2022-12-27 11:44:56 INFO     D:\Downloads\Demos\70404.rar has been modified!
2022-12-27 11:44:57 INFO     Calling analyzer_sorter: analyzer = demo_analyzer_sorter.DemoAnalyzerSorter(indentation=True,dirs=[D:\Downloads\Demos\70404\],log=None,maps_dir='E:\PhD\MachineLearning\CSGOData\ParsedDemos',json_ending=_70404)
2022-12-27 11:44:57 INFO     Scanning directory: D:\Downloads\Demos\70404\
2022-12-27 11:44:57 INFO     At file: touch-point-vs-new-threat-m1-ancient.dem
2022-12-27 11:45:00 INFO     Source: D:\Downloads\Demos\70404\touch-point-vs-new-threat-m1-ancient.json
2022-12-27 11:45:00 INFO     Destination: E:\PhD\MachineLearning\CSGOData\ParsedDemos\ancient\touch-point-vs-new-threat-m1-ancient_70404.json
2022-12-27 11:45:00 INFO     Moved json to: E:\PhD\MachineLearning\CSGOData\ParsedDemos\ancient\touch-point-vs-new-threat-m1-ancient_70404.json
2022-12-27 11:45:00 INFO     At file: touch-point-vs-new-threat-m2-inferno.dem
2022-12-27 11:45:03 INFO     Source: D:\Downloads\Demos\70404\touch-point-vs-new-threat-m2-inferno.json
2022-12-27 11:45:03 INFO     Destination: E:\PhD\MachineLearning\CSGOData\ParsedDemos\inferno\touch-point-vs-new-threat-m2-inferno_70404.json
2022-12-27 11:45:03 INFO     Moved json to: E:\PhD\MachineLearning\CSGOData\ParsedDemos\inferno\touch-point-vs-new-threat-m2-inferno_70404.json
2022-12-27 11:45:03 INFO     Analyzed a total of 2 demos!
2022-12-27 11:45:03 INFO     D:\Downloads\Demos\70405.rar has been created!
2022-12-27 11:45:03 INFO     D:\Downloads\Demos\70405.rar has been modified!
2022-12-27 11:45:04 INFO     Calling analyzer_sorter: analyzer = demo_analyzer_sorter.DemoAnalyzerSorter(indentation=True,dirs=[D:\Downloads\Demos\70405\],log=None,maps_dir='E:\PhD\MachineLearning\CSGOData\ParsedDemos',json_ending=_70405)
2022-12-27 11:45:04 INFO     Scanning directory: D:\Downloads\Demos\70405\
2022-12-27 11:45:04 INFO     At file: unique-vs-sprout-inferno.dem
2022-12-27 11:45:09 INFO     Source: D:\Downloads\Demos\70405\unique-vs-sprout-inferno.json
2022-12-27 11:45:09 INFO     Destination: E:\PhD\MachineLearning\CSGOData\ParsedDemos\inferno\unique-vs-sprout-inferno_70405.json
2022-12-27 11:45:09 INFO     Moved json to: E:\PhD\MachineLearning\CSGOData\ParsedDemos\inferno\unique-vs-sprout-inferno_70405.json
2022-12-27 11:45:09 INFO     Analyzed a total of 1 demos!
2022-12-27 11:45:09 INFO     D:\Downloads\Demos\70403.rar has been deleted!
2022-12-27 11:45:09 INFO     D:\Downloads\Demos\70406.rar has been created!
2022-12-27 11:45:09 INFO     D:\Downloads\Demos\70404.rar has been deleted!
2022-12-27 11:45:09 INFO     D:\Downloads\Demos\70406.rar has been modified!
2022-12-27 11:45:11 INFO     Calling analyzer_sorter: analyzer = demo_analyzer_sorter.DemoAnalyzerSorter(indentation=True,dirs=[D:\Downloads\Demos\70406\],log=None,maps_dir='E:\PhD\MachineLearning\CSGOData\ParsedDemos',json_ending=_70406)
2022-12-27 11:45:11 INFO     Scanning directory: D:\Downloads\Demos\70406\
2022-12-27 11:45:11 INFO     At file: 1shot-vs-forze-m1-mirage.dem
2022-12-27 11:45:17 INFO     Source: D:\Downloads\Demos\70406\1shot-vs-forze-m1-mirage.json
2022-12-27 11:45:17 INFO     Destination: E:\PhD\MachineLearning\CSGOData\ParsedDemos\mirage\1shot-vs-forze-m1-mirage_70406.json
2022-12-27 11:45:17 INFO     Moved json to: E:\PhD\MachineLearning\CSGOData\ParsedDemos\mirage\1shot-vs-forze-m1-mirage_70406.json
2022-12-27 11:45:17 INFO     At file: 1shot-vs-forze-m2-inferno.dem
2022-12-27 11:45:21 INFO     Source: D:\Downloads\Demos\70406\1shot-vs-forze-m2-inferno.json
2022-12-27 11:45:21 INFO     Destination: E:\PhD\MachineLearning\CSGOData\ParsedDemos\inferno\1shot-vs-forze-m2-inferno_70406.json
2022-12-27 11:45:21 INFO     Moved json to: E:\PhD\MachineLearning\CSGOData\ParsedDemos\inferno\1shot-vs-forze-m2-inferno_70406.json
2022-12-27 11:45:21 INFO     Analyzed a total of 2 demos!
2022-12-27 11:45:21 INFO     D:\Downloads\Demos\70407.rar has been created!
2022-12-27 11:45:21 INFO     D:\Downloads\Demos\70405.rar has been deleted!
2022-12-27 11:45:21 INFO     D:\Downloads\Demos\70407.rar has been modified!
2022-12-27 11:45:23 INFO     Calling analyzer_sorter: analyzer = demo_analyzer_sorter.DemoAnalyzerSorter(indentation=True,dirs=[D:\Downloads\Demos\70407\],log=None,maps_dir='E:\PhD\MachineLearning\CSGOData\ParsedDemos',json_ending=_70407)
2022-12-27 11:45:23 INFO     Scanning directory: D:\Downloads\Demos\70407\
2022-12-27 11:45:23 INFO     At file: underground-kings-vs-omega-m1-overpass.dem
2022-12-27 11:45:26 INFO     Source: D:\Downloads\Demos\70407\underground-kings-vs-omega-m1-overpass.json
2022-12-27 11:45:26 INFO     Destination: E:\PhD\MachineLearning\CSGOData\ParsedDemos\overpass\underground-kings-vs-omega-m1-overpass_70407.json
2022-12-27 11:45:26 INFO     Moved json to: E:\PhD\MachineLearning\CSGOData\ParsedDemos\overpass\underground-kings-vs-omega-m1-overpass_70407.json
2022-12-27 11:45:26 INFO     At file: underground-kings-vs-omega-m2-vertigo.dem
2022-12-27 11:45:30 INFO     Source: D:\Downloads\Demos\70407\underground-kings-vs-omega-m2-vertigo.json
2022-12-27 11:45:30 INFO     Destination: E:\PhD\MachineLearning\CSGOData\ParsedDemos\vertigo\underground-kings-vs-omega-m2-vertigo_70407.json
2022-12-27 11:45:30 INFO     Moved json to: E:\PhD\MachineLearning\CSGOData\ParsedDemos\vertigo\underground-kings-vs-omega-m2-vertigo_70407.json
2022-12-27 11:45:30 INFO     At file: underground-kings-vs-omega-m3-inferno.dem
2022-12-27 11:45:33 INFO     Source: D:\Downloads\Demos\70407\underground-kings-vs-omega-m3-inferno.json
2022-12-27 11:45:33 INFO     Destination: E:\PhD\MachineLearning\CSGOData\ParsedDemos\inferno\underground-kings-vs-omega-m3-inferno_70407.json
2022-12-27 11:45:33 INFO     Moved json to: E:\PhD\MachineLearning\CSGOData\ParsedDemos\inferno\underground-kings-vs-omega-m3-inferno_70407.json
2022-12-27 11:45:33 INFO     Analyzed a total of 3 demos!
2022-12-27 11:45:33 INFO     D:\Downloads\Demos\70408.rar has been created!
2022-12-27 11:45:33 INFO     D:\Downloads\Demos\70408.rar has been modified!
2022-12-27 11:45:35 INFO     Calling analyzer_sorter: analyzer = demo_analyzer_sorter.DemoAnalyzerSorter(indentation=True,dirs=[D:\Downloads\Demos\70408\],log=None,maps_dir='E:\PhD\MachineLearning\CSGOData\ParsedDemos',json_ending=_70408)
2022-12-27 11:45:35 INFO     Scanning directory: D:\Downloads\Demos\70408\
2022-12-27 11:45:35 INFO     At file: kinship-vs-apeks-legends-m1-mirage.dem
2022-12-27 11:45:37 INFO     Source: D:\Downloads\Demos\70408\kinship-vs-apeks-legends-m1-mirage.json
2022-12-27 11:45:37 INFO     Destination: E:\PhD\MachineLearning\CSGOData\ParsedDemos\mirage\kinship-vs-apeks-legends-m1-mirage_70408.json
2022-12-27 11:45:37 INFO     Moved json to: E:\PhD\MachineLearning\CSGOData\ParsedDemos\mirage\kinship-vs-apeks-legends-m1-mirage_70408.json
2022-12-27 11:45:37 INFO     At file: kinship-vs-apeks-legends-m2-overpass.dem
2022-12-27 11:45:40 INFO     Source: D:\Downloads\Demos\70408\kinship-vs-apeks-legends-m2-overpass.json
2022-12-27 11:45:40 INFO     Destination: E:\PhD\MachineLearning\CSGOData\ParsedDemos\overpass\kinship-vs-apeks-legends-m2-overpass_70408.json
2022-12-27 11:45:40 INFO     Moved json to: E:\PhD\MachineLearning\CSGOData\ParsedDemos\overpass\kinship-vs-apeks-legends-m2-overpass_70408.json
2022-12-27 11:45:40 INFO     Analyzed a total of 2 demos!
2022-12-27 11:45:40 INFO     D:\Downloads\Demos\70409.rar has been created!
2022-12-27 11:45:40 INFO     D:\Downloads\Demos\70406.rar has been deleted!
2022-12-27 11:45:40 INFO     D:\Downloads\Demos\70407.rar has been deleted!
2022-12-27 11:45:40 INFO     D:\Downloads\Demos\70408.rar has been deleted!
2022-12-27 11:47:00 INFO     D:\Downloads\Demos\70409.rar has been modified!
2022-12-27 11:47:03 INFO     Could not extract from archive due to exception Command `['C:\\Program Files\\WinRAR\\rar.EXE', 'x', '-p-', '-y', '--', 'D:\\Downloads\\Demos\\70409.rar']' returned non-zero exit status 3. Skipping!
2022-12-27 11:47:25 INFO     D:\Downloads\Demos\70409.rar has been modified!
2022-12-27 11:47:30 INFO     D:\Downloads\Demos\70409.rar has been deleted!
2022-12-27 11:48:00 INFO     D:\Downloads\Demos\70409.rar has been created!
2022-12-27 11:48:10 INFO     D:\Downloads\Demos\70409.rar has been modified!
2022-12-27 11:48:12 INFO     Calling analyzer_sorter: analyzer = demo_analyzer_sorter.DemoAnalyzerSorter(indentation=True,dirs=[D:\Downloads\Demos\70409\],log=None,maps_dir='E:\PhD\MachineLearning\CSGOData\ParsedDemos',json_ending=_70409)
2022-12-27 11:48:12 INFO     Scanning directory: D:\Downloads\Demos\70409\
2022-12-27 11:48:12 INFO     At file: sharks-vs-case-m1-ancient.dem
2022-12-27 11:48:17 INFO     Source: D:\Downloads\Demos\70409\sharks-vs-case-m1-ancient.json
2022-12-27 11:48:17 INFO     Destination: E:\PhD\MachineLearning\CSGOData\ParsedDemos\ancient\sharks-vs-case-m1-ancient_70409.json
2022-12-27 11:48:17 INFO     Moved json to: E:\PhD\MachineLearning\CSGOData\ParsedDemos\ancient\sharks-vs-case-m1-ancient_70409.json
2022-12-27 11:48:17 INFO     At file: sharks-vs-case-m2-dust2.dem
2022-12-27 11:48:24 INFO     Source: D:\Downloads\Demos\70409\sharks-vs-case-m2-dust2.json
2022-12-27 11:48:24 INFO     Destination: E:\PhD\MachineLearning\CSGOData\ParsedDemos\dust2\sharks-vs-case-m2-dust2_70409.json
2022-12-27 11:48:24 INFO     Moved json to: E:\PhD\MachineLearning\CSGOData\ParsedDemos\dust2\sharks-vs-case-m2-dust2_70409.json
2022-12-27 11:48:24 INFO     At file: sharks-vs-case-m3-mirage.dem
2022-12-27 11:48:29 INFO     Source: D:\Downloads\Demos\70409\sharks-vs-case-m3-mirage.json
2022-12-27 11:48:29 INFO     Destination: E:\PhD\MachineLearning\CSGOData\ParsedDemos\mirage\sharks-vs-case-m3-mirage_70409.json
2022-12-27 11:48:29 INFO     Moved json to: E:\PhD\MachineLearning\CSGOData\ParsedDemos\mirage\sharks-vs-case-m3-mirage_70409.json
2022-12-27 11:48:29 INFO     Analyzed a total of 3 demos!
2022-12-27 11:48:29 INFO     D:\Downloads\Demos\70409.rar has been deleted!
2022-12-27 11:48:29 INFO     D:\Downloads\Demos\70410.rar has been created!
2022-12-27 11:48:29 INFO     D:\Downloads\Demos\70410.rar has been modified!
2022-12-27 11:48:32 INFO     Calling analyzer_sorter: analyzer = demo_analyzer_sorter.DemoAnalyzerSorter(indentation=True,dirs=[D:\Downloads\Demos\70410\],log=None,maps_dir='E:\PhD\MachineLearning\CSGOData\ParsedDemos',json_ending=_70410)
2022-12-27 11:48:32 INFO     Scanning directory: D:\Downloads\Demos\70410\
2022-12-27 11:48:32 INFO     At file: 9z-vs-b4-m1-ancient.dem
2022-12-27 11:48:37 INFO     Source: D:\Downloads\Demos\70410\9z-vs-b4-m1-ancient.json
2022-12-27 11:48:37 INFO     Destination: E:\PhD\MachineLearning\CSGOData\ParsedDemos\ancient\9z-vs-b4-m1-ancient_70410.json
2022-12-27 11:48:37 INFO     Moved json to: E:\PhD\MachineLearning\CSGOData\ParsedDemos\ancient\9z-vs-b4-m1-ancient_70410.json
2022-12-27 11:48:37 INFO     At file: 9z-vs-b4-m2-nuke.dem
2022-12-27 11:48:43 INFO     Source: D:\Downloads\Demos\70410\9z-vs-b4-m2-nuke.json
2022-12-27 11:48:43 INFO     Destination: E:\PhD\MachineLearning\CSGOData\ParsedDemos\nuke\9z-vs-b4-m2-nuke_70410.json
2022-12-27 11:48:43 INFO     Moved json to: E:\PhD\MachineLearning\CSGOData\ParsedDemos\nuke\9z-vs-b4-m2-nuke_70410.json
2022-12-27 11:48:43 INFO     At file: 9z-vs-b4-m3-inferno.dem
2022-12-27 11:48:49 INFO     Source: D:\Downloads\Demos\70410\9z-vs-b4-m3-inferno.json
2022-12-27 11:48:49 INFO     Destination: E:\PhD\MachineLearning\CSGOData\ParsedDemos\inferno\9z-vs-b4-m3-inferno_70410.json
2022-12-27 11:48:49 INFO     Moved json to: E:\PhD\MachineLearning\CSGOData\ParsedDemos\inferno\9z-vs-b4-m3-inferno_70410.json
2022-12-27 11:48:49 INFO     Analyzed a total of 3 demos!
2022-12-27 11:48:49 INFO     D:\Downloads\Demos\70411.rar has been created!
2022-12-27 11:48:49 INFO     D:\Downloads\Demos\70410.rar has been deleted!
2022-12-27 11:48:49 INFO     D:\Downloads\Demos\70411.rar has been modified!
2022-12-27 11:48:51 INFO     Calling analyzer_sorter: analyzer = demo_analyzer_sorter.DemoAnalyzerSorter(indentation=True,dirs=[D:\Downloads\Demos\70411\],log=None,maps_dir='E:\PhD\MachineLearning\CSGOData\ParsedDemos',json_ending=_70411)
2022-12-27 11:48:51 INFO     Scanning directory: D:\Downloads\Demos\70411\
2022-12-27 11:48:51 INFO     At file: monkey-business-vs-prison-break-m1-nuke.dem
2022-12-27 11:48:54 INFO     Source: D:\Downloads\Demos\70411\monkey-business-vs-prison-break-m1-nuke.json
2022-12-27 11:48:54 INFO     Destination: E:\PhD\MachineLearning\CSGOData\ParsedDemos\nuke\monkey-business-vs-prison-break-m1-nuke_70411.json
2022-12-27 11:48:54 INFO     Moved json to: E:\PhD\MachineLearning\CSGOData\ParsedDemos\nuke\monkey-business-vs-prison-break-m1-nuke_70411.json
2022-12-27 11:48:54 INFO     At file: monkey-business-vs-prison-break-m2-mirage.dem
2022-12-27 11:48:56 INFO     Source: D:\Downloads\Demos\70411\monkey-business-vs-prison-break-m2-mirage.json
2022-12-27 11:48:56 INFO     Destination: E:\PhD\MachineLearning\CSGOData\ParsedDemos\mirage\monkey-business-vs-prison-break-m2-mirage_70411.json
2022-12-27 11:48:56 INFO     Moved json to: E:\PhD\MachineLearning\CSGOData\ParsedDemos\mirage\monkey-business-vs-prison-break-m2-mirage_70411.json
2022-12-27 11:48:56 INFO     Analyzed a total of 2 demos!
2022-12-27 11:48:56 INFO     D:\Downloads\Demos\70412.rar has been created!
2022-12-27 11:48:56 INFO     D:\Downloads\Demos\70412.rar has been modified!
2022-12-27 11:48:58 INFO     Calling analyzer_sorter: analyzer = demo_analyzer_sorter.DemoAnalyzerSorter(indentation=True,dirs=[D:\Downloads\Demos\70412\],log=None,maps_dir='E:\PhD\MachineLearning\CSGOData\ParsedDemos',json_ending=_70412)
2022-12-27 11:48:58 INFO     Scanning directory: D:\Downloads\Demos\70412\
2022-12-27 11:48:58 INFO     At file: isurus-vs-00nation-m1-overpass.dem
2022-12-27 11:49:03 INFO     Source: D:\Downloads\Demos\70412\isurus-vs-00nation-m1-overpass.json
2022-12-27 11:49:03 INFO     Destination: E:\PhD\MachineLearning\CSGOData\ParsedDemos\overpass\isurus-vs-00nation-m1-overpass_70412.json
2022-12-27 11:49:03 INFO     Moved json to: E:\PhD\MachineLearning\CSGOData\ParsedDemos\overpass\isurus-vs-00nation-m1-overpass_70412.json
2022-12-27 11:49:03 INFO     At file: isurus-vs-00nation-m2-mirage.dem
2022-12-27 11:49:11 INFO     Source: D:\Downloads\Demos\70412\isurus-vs-00nation-m2-mirage.json
2022-12-27 11:49:11 INFO     Destination: E:\PhD\MachineLearning\CSGOData\ParsedDemos\mirage\isurus-vs-00nation-m2-mirage_70412.json
2022-12-27 11:49:11 INFO     Moved json to: E:\PhD\MachineLearning\CSGOData\ParsedDemos\mirage\isurus-vs-00nation-m2-mirage_70412.json
2022-12-27 11:49:11 INFO     At file: isurus-vs-00nation-m3-nuke.dem
2022-12-27 11:49:15 INFO     Source: D:\Downloads\Demos\70412\isurus-vs-00nation-m3-nuke.json
2022-12-27 11:49:15 INFO     Destination: E:\PhD\MachineLearning\CSGOData\ParsedDemos\nuke\isurus-vs-00nation-m3-nuke_70412.json
2022-12-27 11:49:15 INFO     Moved json to: E:\PhD\MachineLearning\CSGOData\ParsedDemos\nuke\isurus-vs-00nation-m3-nuke_70412.json
2022-12-27 11:49:15 INFO     Analyzed a total of 3 demos!
2022-12-27 11:49:15 INFO     D:\Downloads\Demos\70411.rar has been deleted!
2022-12-27 11:49:15 INFO     D:\Downloads\Demos\70413.rar has been created!
2022-12-27 11:49:15 INFO     D:\Downloads\Demos\70413.rar has been modified!
2022-12-27 11:49:17 INFO     Calling analyzer_sorter: analyzer = demo_analyzer_sorter.DemoAnalyzerSorter(indentation=True,dirs=[D:\Downloads\Demos\70413\],log=None,maps_dir='E:\PhD\MachineLearning\CSGOData\ParsedDemos',json_ending=_70413)
2022-12-27 11:49:17 INFO     Scanning directory: D:\Downloads\Demos\70413\
2022-12-27 11:49:17 INFO     At file: imperial-vs-9z-inferno.dem
2022-12-27 11:49:23 INFO     Source: D:\Downloads\Demos\70413\imperial-vs-9z-inferno.json
2022-12-27 11:49:23 INFO     Destination: E:\PhD\MachineLearning\CSGOData\ParsedDemos\inferno\imperial-vs-9z-inferno_70413.json
2022-12-27 11:49:23 INFO     Moved json to: E:\PhD\MachineLearning\CSGOData\ParsedDemos\inferno\imperial-vs-9z-inferno_70413.json
2022-12-27 11:49:23 INFO     Analyzed a total of 1 demos!
2022-12-27 11:49:23 INFO     D:\Downloads\Demos\70412.rar has been deleted!
2022-12-27 11:49:23 INFO     D:\Downloads\Demos\70414.rar has been created!
2022-12-27 11:49:23 INFO     D:\Downloads\Demos\70414.rar has been modified!
2022-12-27 11:49:24 INFO     Calling analyzer_sorter: analyzer = demo_analyzer_sorter.DemoAnalyzerSorter(indentation=True,dirs=[D:\Downloads\Demos\70414\],log=None,maps_dir='E:\PhD\MachineLearning\CSGOData\ParsedDemos',json_ending=_70414)
2022-12-27 11:49:24 INFO     Scanning directory: D:\Downloads\Demos\70414\
2022-12-27 11:49:24 INFO     At file: case-vs-00nation-mirage.dem
2022-12-27 11:49:29 INFO     Source: D:\Downloads\Demos\70414\case-vs-00nation-mirage.json
2022-12-27 11:49:29 INFO     Destination: E:\PhD\MachineLearning\CSGOData\ParsedDemos\mirage\case-vs-00nation-mirage_70414.json
2022-12-27 11:49:29 INFO     Moved json to: E:\PhD\MachineLearning\CSGOData\ParsedDemos\mirage\case-vs-00nation-mirage_70414.json
2022-12-27 11:49:29 INFO     Analyzed a total of 1 demos!
2022-12-27 11:49:29 INFO     D:\Downloads\Demos\70415.rar has been created!
2022-12-27 11:49:29 INFO     D:\Downloads\Demos\70415.rar has been modified!
2022-12-27 11:49:31 INFO     Calling analyzer_sorter: analyzer = demo_analyzer_sorter.DemoAnalyzerSorter(indentation=True,dirs=[D:\Downloads\Demos\70415\],log=None,maps_dir='E:\PhD\MachineLearning\CSGOData\ParsedDemos',json_ending=_70415)
2022-12-27 11:49:31 INFO     Scanning directory: D:\Downloads\Demos\70415\
2022-12-27 11:49:31 INFO     At file: imperial-vs-case-inferno.dem
2022-12-27 11:49:36 INFO     Source: D:\Downloads\Demos\70415\imperial-vs-case-inferno.json
2022-12-27 11:49:36 INFO     Destination: E:\PhD\MachineLearning\CSGOData\ParsedDemos\inferno\imperial-vs-case-inferno_70415.json
2022-12-27 11:49:36 INFO     Moved json to: E:\PhD\MachineLearning\CSGOData\ParsedDemos\inferno\imperial-vs-case-inferno_70415.json
2022-12-27 11:49:36 INFO     Analyzed a total of 1 demos!
2022-12-27 11:49:36 INFO     D:\Downloads\Demos\70413.rar has been deleted!
2022-12-27 11:49:36 INFO     D:\Downloads\Demos\70416.rar has been created!
2022-12-27 11:49:36 INFO     D:\Downloads\Demos\70416.rar has been modified!
2022-12-27 11:49:37 INFO     Calling analyzer_sorter: analyzer = demo_analyzer_sorter.DemoAnalyzerSorter(indentation=True,dirs=[D:\Downloads\Demos\70416\],log=None,maps_dir='E:\PhD\MachineLearning\CSGOData\ParsedDemos',json_ending=_70416)
2022-12-27 11:49:37 INFO     Scanning directory: D:\Downloads\Demos\70416\
2022-12-27 11:49:37 INFO     At file: tribute-to-tribute-vs-new-threat-m1-inferno.dem
2022-12-27 11:49:41 INFO     Source: D:\Downloads\Demos\70416\tribute-to-tribute-vs-new-threat-m1-inferno.json
2022-12-27 11:49:41 INFO     Destination: E:\PhD\MachineLearning\CSGOData\ParsedDemos\inferno\tribute-to-tribute-vs-new-threat-m1-inferno_70416.json
2022-12-27 11:49:41 INFO     Moved json to: E:\PhD\MachineLearning\CSGOData\ParsedDemos\inferno\tribute-to-tribute-vs-new-threat-m1-inferno_70416.json
2022-12-27 11:49:41 INFO     At file: tribute-to-tribute-vs-new-threat-m2-vertigo.dem
2022-12-27 11:49:44 INFO     Source: D:\Downloads\Demos\70416\tribute-to-tribute-vs-new-threat-m2-vertigo.json
2022-12-27 11:49:44 INFO     Destination: E:\PhD\MachineLearning\CSGOData\ParsedDemos\vertigo\tribute-to-tribute-vs-new-threat-m2-vertigo_70416.json
2022-12-27 11:49:44 INFO     Moved json to: E:\PhD\MachineLearning\CSGOData\ParsedDemos\vertigo\tribute-to-tribute-vs-new-threat-m2-vertigo_70416.json
2022-12-27 11:49:44 INFO     At file: tribute-to-tribute-vs-new-threat-m3-mirage.dem
2022-12-27 11:49:47 INFO     Source: D:\Downloads\Demos\70416\tribute-to-tribute-vs-new-threat-m3-mirage.json
2022-12-27 11:49:47 INFO     Destination: E:\PhD\MachineLearning\CSGOData\ParsedDemos\mirage\tribute-to-tribute-vs-new-threat-m3-mirage_70416.json
2022-12-27 11:49:47 INFO     Moved json to: E:\PhD\MachineLearning\CSGOData\ParsedDemos\mirage\tribute-to-tribute-vs-new-threat-m3-mirage_70416.json
2022-12-27 11:49:47 INFO     Analyzed a total of 3 demos!
2022-12-27 11:49:47 INFO     D:\Downloads\Demos\70414.rar has been deleted!
2022-12-27 11:49:47 INFO     D:\Downloads\Demos\70416.rar has been modified!
2022-12-27 11:49:47 INFO     D:\Downloads\Demos\70415.rar has been deleted!
2022-12-27 11:49:47 INFO     D:\Downloads\Demos\70417.rar has been created!
2022-12-27 11:49:47 INFO     D:\Downloads\Demos\70417.rar has been modified!
2022-12-27 11:49:49 INFO     Calling analyzer_sorter: analyzer = demo_analyzer_sorter.DemoAnalyzerSorter(indentation=True,dirs=[D:\Downloads\Demos\70417\],log=None,maps_dir='E:\PhD\MachineLearning\CSGOData\ParsedDemos',json_ending=_70417)
2022-12-27 11:49:49 INFO     Scanning directory: D:\Downloads\Demos\70417\
2022-12-27 11:49:49 INFO     At file: stealth-vs-underground-kings-m1-overpass.dem
2022-12-27 11:49:52 INFO     Source: D:\Downloads\Demos\70417\stealth-vs-underground-kings-m1-overpass.json
2022-12-27 11:49:52 INFO     Destination: E:\PhD\MachineLearning\CSGOData\ParsedDemos\overpass\stealth-vs-underground-kings-m1-overpass_70417.json
2022-12-27 11:49:52 INFO     Moved json to: E:\PhD\MachineLearning\CSGOData\ParsedDemos\overpass\stealth-vs-underground-kings-m1-overpass_70417.json
2022-12-27 11:49:52 INFO     At file: stealth-vs-underground-kings-m2-ancient.dem
2022-12-27 11:49:54 INFO     Source: D:\Downloads\Demos\70417\stealth-vs-underground-kings-m2-ancient.json
2022-12-27 11:49:54 INFO     Destination: E:\PhD\MachineLearning\CSGOData\ParsedDemos\ancient\stealth-vs-underground-kings-m2-ancient_70417.json
2022-12-27 11:49:54 INFO     Moved json to: E:\PhD\MachineLearning\CSGOData\ParsedDemos\ancient\stealth-vs-underground-kings-m2-ancient_70417.json
2022-12-27 11:49:54 INFO     At file: stealth-vs-underground-kings-m3-nuke.dem
2022-12-27 11:49:57 INFO     Source: D:\Downloads\Demos\70417\stealth-vs-underground-kings-m3-nuke.json
2022-12-27 11:49:57 INFO     Destination: E:\PhD\MachineLearning\CSGOData\ParsedDemos\nuke\stealth-vs-underground-kings-m3-nuke_70417.json
2022-12-27 11:49:57 INFO     Moved json to: E:\PhD\MachineLearning\CSGOData\ParsedDemos\nuke\stealth-vs-underground-kings-m3-nuke_70417.json
2022-12-27 11:49:57 INFO     Analyzed a total of 3 demos!
2022-12-27 11:49:57 INFO     D:\Downloads\Demos\70416.rar has been deleted!
2022-12-27 11:49:57 INFO     D:\Downloads\Demos\70418.rar has been created!
2022-12-27 11:49:57 INFO     D:\Downloads\Demos\70417.rar has been deleted!
2022-12-27 11:51:31 INFO     D:\Downloads\Demos\70418.rar has been modified!
2022-12-27 11:51:33 INFO     Could not extract from archive due to exception Command `['C:\\Program Files\\WinRAR\\rar.EXE', 'x', '-p-', '-y', '--', 'D:\\Downloads\\Demos\\70418.rar']' returned non-zero exit status 3. Skipping!
