2022-07-25 05:58:13 INFO     Found credentials in environment variables.
2022-07-25 05:58:13 INFO     With TRamp allowed:
2022-07-25 05:58:13 INFO     CTWinPercentages:
2022-07-25 05:58:13 INFO     Event times less than (0, 1.0):
2022-07-25 05:58:13 INFO     SELECT AVG(t.CTWon), COUNT(t.CTWon) FROM ( SELECT DISTINCT e.EventID, e.CTWon FROM Events e JOIN CTWeapons ctw ON e.EventID = ctw.EventID JOIN TWeapons tw ON e.EventID = tw.EventID JOIN WeaponClasses wcct ON ctw.CTWeapon = wcct.WeaponName JOIN WeaponClasses wct ON tw.TWeapon = wct.WeaponName JOIN WeaponClasses wck ON e.KillWeapon = wck.WeaponName WHERE e.MapName = 'de_inferno' AND e.Time BETWEEN 0 AND 1.0 AND e.CTArea in ("TopofMid", "Middle") AND e.TArea in ("TRamp", "Middle") AND wcct.Class in ("Rifle", "Heavy") AND wct.Class in ("Rifle", "Heavy") AND wck.Class in ("Rifle", "Heavy") ) t
2022-07-25 05:58:13 INFO     CT Win: 0 % Total Kills: 0
2022-07-25 05:58:13 INFO     Event times less than (0, 2.0):
2022-07-25 05:58:13 INFO     SELECT AVG(t.CTWon), COUNT(t.CTWon) FROM ( SELECT DISTINCT e.EventID, e.CTWon FROM Events e JOIN CTWeapons ctw ON e.EventID = ctw.EventID JOIN TWeapons tw ON e.EventID = tw.EventID JOIN WeaponClasses wcct ON ctw.CTWeapon = wcct.WeaponName JOIN WeaponClasses wct ON tw.TWeapon = wct.WeaponName JOIN WeaponClasses wck ON e.KillWeapon = wck.WeaponName WHERE e.MapName = 'de_inferno' AND e.Time BETWEEN 0 AND 2.0 AND e.CTArea in ("TopofMid", "Middle") AND e.TArea in ("TRamp", "Middle") AND wcct.Class in ("Rifle", "Heavy") AND wct.Class in ("Rifle", "Heavy") AND wck.Class in ("Rifle", "Heavy") ) t
2022-07-25 05:58:13 INFO     CT Win: 0 % Total Kills: 0
2022-07-25 05:58:13 INFO     Event times less than (0, 3.0):
2022-07-25 05:58:13 INFO     SELECT AVG(t.CTWon), COUNT(t.CTWon) FROM ( SELECT DISTINCT e.EventID, e.CTWon FROM Events e JOIN CTWeapons ctw ON e.EventID = ctw.EventID JOIN TWeapons tw ON e.EventID = tw.EventID JOIN WeaponClasses wcct ON ctw.CTWeapon = wcct.WeaponName JOIN WeaponClasses wct ON tw.TWeapon = wct.WeaponName JOIN WeaponClasses wck ON e.KillWeapon = wck.WeaponName WHERE e.MapName = 'de_inferno' AND e.Time BETWEEN 0 AND 3.0 AND e.CTArea in ("TopofMid", "Middle") AND e.TArea in ("TRamp", "Middle") AND wcct.Class in ("Rifle", "Heavy") AND wct.Class in ("Rifle", "Heavy") AND wck.Class in ("Rifle", "Heavy") ) t
2022-07-25 05:58:13 INFO     CT Win: 0 % Total Kills: 0
2022-07-25 05:58:13 INFO     Event times less than (0, 4.0):
2022-07-25 05:58:13 INFO     SELECT AVG(t.CTWon), COUNT(t.CTWon) FROM ( SELECT DISTINCT e.EventID, e.CTWon FROM Events e JOIN CTWeapons ctw ON e.EventID = ctw.EventID JOIN TWeapons tw ON e.EventID = tw.EventID JOIN WeaponClasses wcct ON ctw.CTWeapon = wcct.WeaponName JOIN WeaponClasses wct ON tw.TWeapon = wct.WeaponName JOIN WeaponClasses wck ON e.KillWeapon = wck.WeaponName WHERE e.MapName = 'de_inferno' AND e.Time BETWEEN 0 AND 4.0 AND e.CTArea in ("TopofMid", "Middle") AND e.TArea in ("TRamp", "Middle") AND wcct.Class in ("Rifle", "Heavy") AND wct.Class in ("Rifle", "Heavy") AND wck.Class in ("Rifle", "Heavy") ) t
2022-07-25 05:58:13 INFO     CT Win: 0 % Total Kills: 0
2022-07-25 05:58:13 INFO     Event times less than (0, 5.0):
2022-07-25 05:58:13 INFO     SELECT AVG(t.CTWon), COUNT(t.CTWon) FROM ( SELECT DISTINCT e.EventID, e.CTWon FROM Events e JOIN CTWeapons ctw ON e.EventID = ctw.EventID JOIN TWeapons tw ON e.EventID = tw.EventID JOIN WeaponClasses wcct ON ctw.CTWeapon = wcct.WeaponName JOIN WeaponClasses wct ON tw.TWeapon = wct.WeaponName JOIN WeaponClasses wck ON e.KillWeapon = wck.WeaponName WHERE e.MapName = 'de_inferno' AND e.Time BETWEEN 0 AND 5.0 AND e.CTArea in ("TopofMid", "Middle") AND e.TArea in ("TRamp", "Middle") AND wcct.Class in ("Rifle", "Heavy") AND wct.Class in ("Rifle", "Heavy") AND wck.Class in ("Rifle", "Heavy") ) t
2022-07-25 05:58:13 INFO     CT Win: 0 % Total Kills: 0
2022-07-25 05:58:13 INFO     Event times less than (0, 6.0):
2022-07-25 05:58:13 INFO     SELECT AVG(t.CTWon), COUNT(t.CTWon) FROM ( SELECT DISTINCT e.EventID, e.CTWon FROM Events e JOIN CTWeapons ctw ON e.EventID = ctw.EventID JOIN TWeapons tw ON e.EventID = tw.EventID JOIN WeaponClasses wcct ON ctw.CTWeapon = wcct.WeaponName JOIN WeaponClasses wct ON tw.TWeapon = wct.WeaponName JOIN WeaponClasses wck ON e.KillWeapon = wck.WeaponName WHERE e.MapName = 'de_inferno' AND e.Time BETWEEN 0 AND 6.0 AND e.CTArea in ("TopofMid", "Middle") AND e.TArea in ("TRamp", "Middle") AND wcct.Class in ("Rifle", "Heavy") AND wct.Class in ("Rifle", "Heavy") AND wck.Class in ("Rifle", "Heavy") ) t
2022-07-25 05:58:13 INFO     CT Win: 0 % Total Kills: 0
2022-07-25 05:58:13 INFO     Event times less than (0, 7.0):
2022-07-25 05:58:13 INFO     SELECT AVG(t.CTWon), COUNT(t.CTWon) FROM ( SELECT DISTINCT e.EventID, e.CTWon FROM Events e JOIN CTWeapons ctw ON e.EventID = ctw.EventID JOIN TWeapons tw ON e.EventID = tw.EventID JOIN WeaponClasses wcct ON ctw.CTWeapon = wcct.WeaponName JOIN WeaponClasses wct ON tw.TWeapon = wct.WeaponName JOIN WeaponClasses wck ON e.KillWeapon = wck.WeaponName WHERE e.MapName = 'de_inferno' AND e.Time BETWEEN 0 AND 7.0 AND e.CTArea in ("TopofMid", "Middle") AND e.TArea in ("TRamp", "Middle") AND wcct.Class in ("Rifle", "Heavy") AND wct.Class in ("Rifle", "Heavy") AND wck.Class in ("Rifle", "Heavy") ) t
2022-07-25 05:58:13 INFO     CT Win: 0 % Total Kills: 0
2022-07-25 05:58:13 INFO     Event times less than (0, 8.0):
2022-07-25 05:58:13 INFO     SELECT AVG(t.CTWon), COUNT(t.CTWon) FROM ( SELECT DISTINCT e.EventID, e.CTWon FROM Events e JOIN CTWeapons ctw ON e.EventID = ctw.EventID JOIN TWeapons tw ON e.EventID = tw.EventID JOIN WeaponClasses wcct ON ctw.CTWeapon = wcct.WeaponName JOIN WeaponClasses wct ON tw.TWeapon = wct.WeaponName JOIN WeaponClasses wck ON e.KillWeapon = wck.WeaponName WHERE e.MapName = 'de_inferno' AND e.Time BETWEEN 0 AND 8.0 AND e.CTArea in ("TopofMid", "Middle") AND e.TArea in ("TRamp", "Middle") AND wcct.Class in ("Rifle", "Heavy") AND wct.Class in ("Rifle", "Heavy") AND wck.Class in ("Rifle", "Heavy") ) t
2022-07-25 05:58:13 INFO     CT Win: 0 % Total Kills: 0
2022-07-25 05:58:13 INFO     Event times less than (0, 9.0):
2022-07-25 05:58:13 INFO     SELECT AVG(t.CTWon), COUNT(t.CTWon) FROM ( SELECT DISTINCT e.EventID, e.CTWon FROM Events e JOIN CTWeapons ctw ON e.EventID = ctw.EventID JOIN TWeapons tw ON e.EventID = tw.EventID JOIN WeaponClasses wcct ON ctw.CTWeapon = wcct.WeaponName JOIN WeaponClasses wct ON tw.TWeapon = wct.WeaponName JOIN WeaponClasses wck ON e.KillWeapon = wck.WeaponName WHERE e.MapName = 'de_inferno' AND e.Time BETWEEN 0 AND 9.0 AND e.CTArea in ("TopofMid", "Middle") AND e.TArea in ("TRamp", "Middle") AND wcct.Class in ("Rifle", "Heavy") AND wct.Class in ("Rifle", "Heavy") AND wck.Class in ("Rifle", "Heavy") ) t
2022-07-25 05:58:13 INFO     CT Win: 0 % Total Kills: 0
2022-07-25 05:58:13 INFO     Event times less than (0, 10.0):
2022-07-25 05:58:13 INFO     SELECT AVG(t.CTWon), COUNT(t.CTWon) FROM ( SELECT DISTINCT e.EventID, e.CTWon FROM Events e JOIN CTWeapons ctw ON e.EventID = ctw.EventID JOIN TWeapons tw ON e.EventID = tw.EventID JOIN WeaponClasses wcct ON ctw.CTWeapon = wcct.WeaponName JOIN WeaponClasses wct ON tw.TWeapon = wct.WeaponName JOIN WeaponClasses wck ON e.KillWeapon = wck.WeaponName WHERE e.MapName = 'de_inferno' AND e.Time BETWEEN 0 AND 10.0 AND e.CTArea in ("TopofMid", "Middle") AND e.TArea in ("TRamp", "Middle") AND wcct.Class in ("Rifle", "Heavy") AND wct.Class in ("Rifle", "Heavy") AND wck.Class in ("Rifle", "Heavy") ) t
2022-07-25 05:58:13 INFO     CT Win: 0 % Total Kills: 0
2022-07-25 05:58:13 INFO     Event times less than (0, 11.0):
2022-07-25 05:58:13 INFO     SELECT AVG(t.CTWon), COUNT(t.CTWon) FROM ( SELECT DISTINCT e.EventID, e.CTWon FROM Events e JOIN CTWeapons ctw ON e.EventID = ctw.EventID JOIN TWeapons tw ON e.EventID = tw.EventID JOIN WeaponClasses wcct ON ctw.CTWeapon = wcct.WeaponName JOIN WeaponClasses wct ON tw.TWeapon = wct.WeaponName JOIN WeaponClasses wck ON e.KillWeapon = wck.WeaponName WHERE e.MapName = 'de_inferno' AND e.Time BETWEEN 0 AND 11.0 AND e.CTArea in ("TopofMid", "Middle") AND e.TArea in ("TRamp", "Middle") AND wcct.Class in ("Rifle", "Heavy") AND wct.Class in ("Rifle", "Heavy") AND wck.Class in ("Rifle", "Heavy") ) t
2022-07-25 05:58:13 INFO     CT Win: 0 % Total Kills: 0
2022-07-25 05:58:13 INFO     Event times less than (0, 12.0):
2022-07-25 05:58:13 INFO     SELECT AVG(t.CTWon), COUNT(t.CTWon) FROM ( SELECT DISTINCT e.EventID, e.CTWon FROM Events e JOIN CTWeapons ctw ON e.EventID = ctw.EventID JOIN TWeapons tw ON e.EventID = tw.EventID JOIN WeaponClasses wcct ON ctw.CTWeapon = wcct.WeaponName JOIN WeaponClasses wct ON tw.TWeapon = wct.WeaponName JOIN WeaponClasses wck ON e.KillWeapon = wck.WeaponName WHERE e.MapName = 'de_inferno' AND e.Time BETWEEN 0 AND 12.0 AND e.CTArea in ("TopofMid", "Middle") AND e.TArea in ("TRamp", "Middle") AND wcct.Class in ("Rifle", "Heavy") AND wct.Class in ("Rifle", "Heavy") AND wck.Class in ("Rifle", "Heavy") ) t
2022-07-25 05:58:13 INFO     CT Win: 0 % Total Kills: 0
2022-07-25 05:58:13 INFO     Event times less than (0, 13.0):
2022-07-25 05:58:13 INFO     SELECT AVG(t.CTWon), COUNT(t.CTWon) FROM ( SELECT DISTINCT e.EventID, e.CTWon FROM Events e JOIN CTWeapons ctw ON e.EventID = ctw.EventID JOIN TWeapons tw ON e.EventID = tw.EventID JOIN WeaponClasses wcct ON ctw.CTWeapon = wcct.WeaponName JOIN WeaponClasses wct ON tw.TWeapon = wct.WeaponName JOIN WeaponClasses wck ON e.KillWeapon = wck.WeaponName WHERE e.MapName = 'de_inferno' AND e.Time BETWEEN 0 AND 13.0 AND e.CTArea in ("TopofMid", "Middle") AND e.TArea in ("TRamp", "Middle") AND wcct.Class in ("Rifle", "Heavy") AND wct.Class in ("Rifle", "Heavy") AND wck.Class in ("Rifle", "Heavy") ) t
2022-07-25 05:58:13 INFO     CT Win: 0 % Total Kills: 0
2022-07-25 05:58:13 INFO     Event times less than (0, 14.0):
2022-07-25 05:58:13 INFO     SELECT AVG(t.CTWon), COUNT(t.CTWon) FROM ( SELECT DISTINCT e.EventID, e.CTWon FROM Events e JOIN CTWeapons ctw ON e.EventID = ctw.EventID JOIN TWeapons tw ON e.EventID = tw.EventID JOIN WeaponClasses wcct ON ctw.CTWeapon = wcct.WeaponName JOIN WeaponClasses wct ON tw.TWeapon = wct.WeaponName JOIN WeaponClasses wck ON e.KillWeapon = wck.WeaponName WHERE e.MapName = 'de_inferno' AND e.Time BETWEEN 0 AND 14.0 AND e.CTArea in ("TopofMid", "Middle") AND e.TArea in ("TRamp", "Middle") AND wcct.Class in ("Rifle", "Heavy") AND wct.Class in ("Rifle", "Heavy") AND wck.Class in ("Rifle", "Heavy") ) t
2022-07-25 05:58:13 INFO     CT Win: 0 % Total Kills: 0
2022-07-25 05:58:13 INFO     Event times less than (0, 15.0):
2022-07-25 05:58:13 INFO     SELECT AVG(t.CTWon), COUNT(t.CTWon) FROM ( SELECT DISTINCT e.EventID, e.CTWon FROM Events e JOIN CTWeapons ctw ON e.EventID = ctw.EventID JOIN TWeapons tw ON e.EventID = tw.EventID JOIN WeaponClasses wcct ON ctw.CTWeapon = wcct.WeaponName JOIN WeaponClasses wct ON tw.TWeapon = wct.WeaponName JOIN WeaponClasses wck ON e.KillWeapon = wck.WeaponName WHERE e.MapName = 'de_inferno' AND e.Time BETWEEN 0 AND 15.0 AND e.CTArea in ("TopofMid", "Middle") AND e.TArea in ("TRamp", "Middle") AND wcct.Class in ("Rifle", "Heavy") AND wct.Class in ("Rifle", "Heavy") AND wck.Class in ("Rifle", "Heavy") ) t
2022-07-25 05:58:14 INFO     CT Win: 0 % Total Kills: 0
2022-07-25 05:58:14 INFO     Event times less than (0, 16.0):
2022-07-25 05:58:14 INFO     SELECT AVG(t.CTWon), COUNT(t.CTWon) FROM ( SELECT DISTINCT e.EventID, e.CTWon FROM Events e JOIN CTWeapons ctw ON e.EventID = ctw.EventID JOIN TWeapons tw ON e.EventID = tw.EventID JOIN WeaponClasses wcct ON ctw.CTWeapon = wcct.WeaponName JOIN WeaponClasses wct ON tw.TWeapon = wct.WeaponName JOIN WeaponClasses wck ON e.KillWeapon = wck.WeaponName WHERE e.MapName = 'de_inferno' AND e.Time BETWEEN 0 AND 16.0 AND e.CTArea in ("TopofMid", "Middle") AND e.TArea in ("TRamp", "Middle") AND wcct.Class in ("Rifle", "Heavy") AND wct.Class in ("Rifle", "Heavy") AND wck.Class in ("Rifle", "Heavy") ) t
2022-07-25 05:58:14 INFO     CT Win: 0 % Total Kills: 0
2022-07-25 05:58:14 INFO     Event times less than (0, 17.0):
2022-07-25 05:58:14 INFO     SELECT AVG(t.CTWon), COUNT(t.CTWon) FROM ( SELECT DISTINCT e.EventID, e.CTWon FROM Events e JOIN CTWeapons ctw ON e.EventID = ctw.EventID JOIN TWeapons tw ON e.EventID = tw.EventID JOIN WeaponClasses wcct ON ctw.CTWeapon = wcct.WeaponName JOIN WeaponClasses wct ON tw.TWeapon = wct.WeaponName JOIN WeaponClasses wck ON e.KillWeapon = wck.WeaponName WHERE e.MapName = 'de_inferno' AND e.Time BETWEEN 0 AND 17.0 AND e.CTArea in ("TopofMid", "Middle") AND e.TArea in ("TRamp", "Middle") AND wcct.Class in ("Rifle", "Heavy") AND wct.Class in ("Rifle", "Heavy") AND wck.Class in ("Rifle", "Heavy") ) t
2022-07-25 05:58:14 INFO     CT Win: 0 % Total Kills: 0
2022-07-25 05:58:14 INFO     Event times less than (0, 18.0):
2022-07-25 05:58:14 INFO     SELECT AVG(t.CTWon), COUNT(t.CTWon) FROM ( SELECT DISTINCT e.EventID, e.CTWon FROM Events e JOIN CTWeapons ctw ON e.EventID = ctw.EventID JOIN TWeapons tw ON e.EventID = tw.EventID JOIN WeaponClasses wcct ON ctw.CTWeapon = wcct.WeaponName JOIN WeaponClasses wct ON tw.TWeapon = wct.WeaponName JOIN WeaponClasses wck ON e.KillWeapon = wck.WeaponName WHERE e.MapName = 'de_inferno' AND e.Time BETWEEN 0 AND 18.0 AND e.CTArea in ("TopofMid", "Middle") AND e.TArea in ("TRamp", "Middle") AND wcct.Class in ("Rifle", "Heavy") AND wct.Class in ("Rifle", "Heavy") AND wck.Class in ("Rifle", "Heavy") ) t
2022-07-25 05:58:14 INFO     CT Win: 0 % Total Kills: 0
2022-07-25 05:58:14 INFO     Event times less than (0, 19.0):
2022-07-25 05:58:14 INFO     SELECT AVG(t.CTWon), COUNT(t.CTWon) FROM ( SELECT DISTINCT e.EventID, e.CTWon FROM Events e JOIN CTWeapons ctw ON e.EventID = ctw.EventID JOIN TWeapons tw ON e.EventID = tw.EventID JOIN WeaponClasses wcct ON ctw.CTWeapon = wcct.WeaponName JOIN WeaponClasses wct ON tw.TWeapon = wct.WeaponName JOIN WeaponClasses wck ON e.KillWeapon = wck.WeaponName WHERE e.MapName = 'de_inferno' AND e.Time BETWEEN 0 AND 19.0 AND e.CTArea in ("TopofMid", "Middle") AND e.TArea in ("TRamp", "Middle") AND wcct.Class in ("Rifle", "Heavy") AND wct.Class in ("Rifle", "Heavy") AND wck.Class in ("Rifle", "Heavy") ) t
2022-07-25 05:58:14 INFO     CT Win: 0 % Total Kills: 0
2022-07-25 05:58:14 INFO     Event times less than (0, 20.0):
2022-07-25 05:58:14 INFO     SELECT AVG(t.CTWon), COUNT(t.CTWon) FROM ( SELECT DISTINCT e.EventID, e.CTWon FROM Events e JOIN CTWeapons ctw ON e.EventID = ctw.EventID JOIN TWeapons tw ON e.EventID = tw.EventID JOIN WeaponClasses wcct ON ctw.CTWeapon = wcct.WeaponName JOIN WeaponClasses wct ON tw.TWeapon = wct.WeaponName JOIN WeaponClasses wck ON e.KillWeapon = wck.WeaponName WHERE e.MapName = 'de_inferno' AND e.Time BETWEEN 0 AND 20.0 AND e.CTArea in ("TopofMid", "Middle") AND e.TArea in ("TRamp", "Middle") AND wcct.Class in ("Rifle", "Heavy") AND wct.Class in ("Rifle", "Heavy") AND wck.Class in ("Rifle", "Heavy") ) t
2022-07-25 05:58:14 INFO     CT Win: 0 % Total Kills: 0
2022-07-25 05:58:14 INFO     Event times less than (0, 21.0):
2022-07-25 05:58:14 INFO     SELECT AVG(t.CTWon), COUNT(t.CTWon) FROM ( SELECT DISTINCT e.EventID, e.CTWon FROM Events e JOIN CTWeapons ctw ON e.EventID = ctw.EventID JOIN TWeapons tw ON e.EventID = tw.EventID JOIN WeaponClasses wcct ON ctw.CTWeapon = wcct.WeaponName JOIN WeaponClasses wct ON tw.TWeapon = wct.WeaponName JOIN WeaponClasses wck ON e.KillWeapon = wck.WeaponName WHERE e.MapName = 'de_inferno' AND e.Time BETWEEN 0 AND 21.0 AND e.CTArea in ("TopofMid", "Middle") AND e.TArea in ("TRamp", "Middle") AND wcct.Class in ("Rifle", "Heavy") AND wct.Class in ("Rifle", "Heavy") AND wck.Class in ("Rifle", "Heavy") ) t
2022-07-25 05:58:14 INFO     CT Win: 48 % Total Kills: 23
2022-07-25 05:58:14 INFO     Event times less than (0, 22.0):
2022-07-25 05:58:14 INFO     SELECT AVG(t.CTWon), COUNT(t.CTWon) FROM ( SELECT DISTINCT e.EventID, e.CTWon FROM Events e JOIN CTWeapons ctw ON e.EventID = ctw.EventID JOIN TWeapons tw ON e.EventID = tw.EventID JOIN WeaponClasses wcct ON ctw.CTWeapon = wcct.WeaponName JOIN WeaponClasses wct ON tw.TWeapon = wct.WeaponName JOIN WeaponClasses wck ON e.KillWeapon = wck.WeaponName WHERE e.MapName = 'de_inferno' AND e.Time BETWEEN 0 AND 22.0 AND e.CTArea in ("TopofMid", "Middle") AND e.TArea in ("TRamp", "Middle") AND wcct.Class in ("Rifle", "Heavy") AND wct.Class in ("Rifle", "Heavy") AND wck.Class in ("Rifle", "Heavy") ) t
2022-07-25 05:58:14 INFO     CT Win: 58 % Total Kills: 59
2022-07-25 05:58:14 INFO     Event times less than (0, 23.0):
2022-07-25 05:58:14 INFO     SELECT AVG(t.CTWon), COUNT(t.CTWon) FROM ( SELECT DISTINCT e.EventID, e.CTWon FROM Events e JOIN CTWeapons ctw ON e.EventID = ctw.EventID JOIN TWeapons tw ON e.EventID = tw.EventID JOIN WeaponClasses wcct ON ctw.CTWeapon = wcct.WeaponName JOIN WeaponClasses wct ON tw.TWeapon = wct.WeaponName JOIN WeaponClasses wck ON e.KillWeapon = wck.WeaponName WHERE e.MapName = 'de_inferno' AND e.Time BETWEEN 0 AND 23.0 AND e.CTArea in ("TopofMid", "Middle") AND e.TArea in ("TRamp", "Middle") AND wcct.Class in ("Rifle", "Heavy") AND wct.Class in ("Rifle", "Heavy") AND wck.Class in ("Rifle", "Heavy") ) t
2022-07-25 05:58:14 INFO     CT Win: 60 % Total Kills: 90
2022-07-25 05:58:14 INFO     Event times less than (0, 24.0):
2022-07-25 05:58:14 INFO     SELECT AVG(t.CTWon), COUNT(t.CTWon) FROM ( SELECT DISTINCT e.EventID, e.CTWon FROM Events e JOIN CTWeapons ctw ON e.EventID = ctw.EventID JOIN TWeapons tw ON e.EventID = tw.EventID JOIN WeaponClasses wcct ON ctw.CTWeapon = wcct.WeaponName JOIN WeaponClasses wct ON tw.TWeapon = wct.WeaponName JOIN WeaponClasses wck ON e.KillWeapon = wck.WeaponName WHERE e.MapName = 'de_inferno' AND e.Time BETWEEN 0 AND 24.0 AND e.CTArea in ("TopofMid", "Middle") AND e.TArea in ("TRamp", "Middle") AND wcct.Class in ("Rifle", "Heavy") AND wct.Class in ("Rifle", "Heavy") AND wck.Class in ("Rifle", "Heavy") ) t
2022-07-25 05:58:14 INFO     CT Win: 56 % Total Kills: 107
2022-07-25 05:58:14 INFO     Event times less than (0, 25.0):
2022-07-25 05:58:14 INFO     SELECT AVG(t.CTWon), COUNT(t.CTWon) FROM ( SELECT DISTINCT e.EventID, e.CTWon FROM Events e JOIN CTWeapons ctw ON e.EventID = ctw.EventID JOIN TWeapons tw ON e.EventID = tw.EventID JOIN WeaponClasses wcct ON ctw.CTWeapon = wcct.WeaponName JOIN WeaponClasses wct ON tw.TWeapon = wct.WeaponName JOIN WeaponClasses wck ON e.KillWeapon = wck.WeaponName WHERE e.MapName = 'de_inferno' AND e.Time BETWEEN 0 AND 25.0 AND e.CTArea in ("TopofMid", "Middle") AND e.TArea in ("TRamp", "Middle") AND wcct.Class in ("Rifle", "Heavy") AND wct.Class in ("Rifle", "Heavy") AND wck.Class in ("Rifle", "Heavy") ) t
2022-07-25 05:58:14 INFO     CT Win: 51 % Total Kills: 139
