2022-10-22 07:15:24 INFO     - __init__ - Starting init
2022-10-22 07:15:51 INFO     - __init__ - Finished init
2022-10-22 07:15:51 INFO     - get_trajectory_distance_matrix - Precomputing areas
2022-10-22 07:15:51 INFO     - get_trajectory_distance_matrix - Precomputing all round distances for 125000 combinations.
2022-10-22 07:15:53 INFO     - get_traj_matrix_token - 0
2022-10-22 07:59:05 INFO     - get_traj_matrix_token - 50
2022-10-22 08:45:23 INFO     - get_traj_matrix_token - 100
2022-10-22 09:29:33 INFO     - get_traj_matrix_token - 150
2022-10-22 10:04:37 INFO     - get_traj_matrix_token - 200
2022-10-22 10:32:34 INFO     - get_traj_matrix_token - 250
2022-10-22 10:54:31 INFO     - get_traj_matrix_token - 300
2022-10-22 11:11:17 INFO     - get_traj_matrix_token - 350
2022-10-22 11:22:52 INFO     - get_traj_matrix_token - 400
2022-10-22 11:29:46 INFO     - get_traj_matrix_token - 450
2022-10-22 11:32:01 INFO     - get_trajectory_distance_matrix - Saved distances to file.
2022-10-22 11:32:01 INFO     - do_clustering - [[  0.         923.40762376 736.00264484 ... 240.89115435 768.98644361
  502.0295806 ]
 [923.40762376   0.         589.63893338 ... 859.67790327 683.14798616
  605.80533254]
 [736.00264484 589.63893338   0.         ... 622.30361443 559.47784015
  596.13263987]
 ...
 [240.89115435 859.67790327 622.30361443 ...   0.         780.31667366
  550.49237881]
 [768.98644361 683.14798616 559.47784015 ... 780.31667366   0.
  675.28748523]
 [502.0295806  605.80533254 596.13263987 ... 550.49237881 675.28748523
    0.        ]]
2022-10-22 11:32:01 INFO     - plot_histogram - Plotting histogram of distances
2022-10-22 11:32:10 INFO     - do_knn - Plotting knns
2022-10-22 11:32:11 INFO     - do_clustering - Plotting all trajectories
2022-10-22 11:33:27 INFO     - do_clustering - eps: 500, minpt: 10
2022-10-22 11:33:27 INFO     - run_dbscan - Running dbscan clustering
2022-10-22 11:33:27 INFO     - run_dbscan - core indices: 382, [  0   2   3   4   6   7   8  10  11  13  14  16  17  18  19  21  22  23
  25  26  27  28  29  30  32  34  35  36  37  38  39  42  43  45  47  49
  50  51  52  53  54  55  56  57  58  60  61  63  67  69  70  73  74  75
  77  78  79  80  81  82  83  84  85  88  91  93  95  96  97  98  99 100
 101 102 105 106 107 109 110 111 112 113 115 116 117 118 119 120 121 122
 124 125 126 127 129 130 131 132 133 135 136 137 138 140 142 145 147 148
 150 152 154 156 157 158 159 160 161 162 163 164 165 167 168 169 170 171
 172 173 174 175 176 177 178 179 181 182 183 184 185 186 187 188 189 190
 191 193 194 196 197 198 199 200 201 203 204 205 206 208 210 211 212 213
 214 216 220 223 224 226 227 228 229 230 231 233 235 236 237 238 239 240
 241 242 243 244 245 246 247 248 250 251 253 255 256 257 258 260 261 262
 263 264 265 266 268 269 270 271 272 273 274 276 277 278 280 281 284 285
 286 288 289 291 292 293 296 297 299 300 301 302 303 304 305 306 308 310
 312 313 314 315 316 317 319 320 322 323 324 325 326 327 328 329 330 331
 332 333 334 335 336 337 338 340 342 344 345 347 348 349 351 352 355 357
 358 359 360 361 362 363 364 365 366 367 368 370 371 372 375 376 377 378
 379 380 381 382 383 385 386 387 388 389 390 391 392 393 394 395 396 400
 401 403 404 405 406 408 409 410 411 413 416 418 419 420 421 422 423 425
 426 428 431 432 433 434 435 436 437 438 439 441 442 443 444 445 447 448
 449 450 451 452 453 454 455 457 459 460 461 463 464 465 466 467 468 469
 471 472 473 475 476 477 478 479 480 481 482 485 487 488 491 492 493 494
 496 497 498 499]
2022-10-22 11:33:27 INFO     - run_dbscan - featrues: 500
2022-10-22 11:33:27 INFO     - run_dbscan - [ 0  0  0  0  0 -1  0  0  0 -1  0  0 -1  0  0  0  0  0  0  0 -1  0  0  0
 -1  0  0  0  0  0  0 -1  0  0  0  0  0  0  0  0 -1  0  0  0  0  0  0  0
 -1  0  0  0  0  0  0  0  0  0  0 -1  0  0  0  0  0 -1  0  0  0  0  0 -1
  0  0  0  0  0  0  0  0  0  0  0  0  0  0 -1 -1  0 -1 -1  0 -1  0  0  0
  0  0  0  0  0  0  0 -1  0  0  0  0 -1  0  0  0  0  0 -1  0  0  0  0  0
  0  0  0 -1  0  0  0  0  0  0  0  0  0  0  0  0  0  0  0  0  0  0  0  0
 -1  0  0  0  0 -1  0  0  0  0  0 -1  0  0  0  0  0  0  0  0  0  0 -1  0
  0  0  0  0  0  0  0  0  0  0  0  0  0  0  0  0  0  0  0  0  0  0  0  0
 -1  0  0  0  0  0  0  0  0  0 -1  0  0  0  0  0  0  0  0  0  0  0  0 -1
  0  0  0 -1  0  0  0  0  0  0  0  0  0  0  0  0 -1  0 -1  0  0  0  0  0
  0  0  0  0  0  0  0  0  0 -1  0  0  0  0  0  0  0  0  0 -1  0  0  0  0
  0  0  0 -1  0  0  0  0  0  0  0  0  0  0  0 -1  0  0 -1  0  0  0  0  0
  0  0  0  0  0  0 -1 -1  0  0 -1  0  0  0  0  0  0  0  0  0  0 -1  0  0
  0  0  0  0  0  0 -1  0  0 -1  0  0  0  0  0  0  0  0  0  0  0  0  0  0
  0  0  0  0  0 -1  0  0  0  0 -1  0  0  0 -1  0  0 -1  0  0  0  0  0  0
  0  0  0  0  0  0  0  0  0  0  0  0  0 -1 -1  0  0  0  0  0  0  0  0  0
 -1  0  0  0  0  0  0  0  0  0  0  0  0 -1 -1 -1  0  0  0  0  0  0  0  0
  0  0  0  0  0  0  0 -1  0 -1  0  0  0  0  0  0 -1  0  0  0  0  0  0  0
  0  0  0  0  0  0  0  0  0  0  0  0  0  0  0  0  0  0  0  0  0  0  0  0
 -1  0 -1  0  0  0 -1  0  0  0  0  0  0  0  0  0  0  0 -1  0  0  0  0  0
  0  0  0  0 -1  0  0  0  0 -1 -1  0  0  0  0  0  0  0  0  0]
2022-10-22 11:33:27 INFO     - run_dbscan - [(0, 439), (-1, 61)]
2022-10-22 11:34:35 INFO     - run_kmed - Running kmedoids clustering
2022-10-22 11:34:35 INFO     - run_kmed - [1 5 5 4 5 0 0 1 1 0 1 4 3 5 1 5 4 5 5 1 4 1 1 4 0 1 4 5 5 1 5 0 1 5 1 5 5
 5 1 4 1 4 4 1 1 1 4 1 4 3 3 1 4 5 1 1 4 0 5 0 1 5 1 1 4 4 4 1 4 1 1 0 5 1
 5 4 4 1 1 1 1 1 1 4 5 3 4 0 5 0 4 1 4 4 5 3 1 3 1 4 5 1 1 1 1 4 1 4 4 5 1
 4 5 1 1 5 1 5 4 3 4 0 1 1 1 1 1 3 1 5 4 1 4 5 4 3 1 3 1 4 1 2 2 1 1 1 1 4
 3 4 5 2 1 4 1 5 1 4 4 5 2 4 3 3 4 5 3 1 3 1 5 1 5 0 1 5 4 0 5 1 1 1 1 1 4
 1 4 1 1 5 1 1 4 3 5 1 1 5 1 0 1 4 0 4 4 1 1 1 1 4 4 1 1 5 5 2 5 0 5 0 4 4
 1 1 5 4 2 1 0 4 5 5 1 1 4 1 4 4 1 1 5 4 1 1 1 4 5 1 0 0 4 1 1 0 1 1 5 3 1
 0 5 0 3 3 4 4 1 1 3 5 3 4 5 0 1 1 2 5 5 0 5 4 4 4 4 2 4 4 2 4 1 1 4 1 0 3
 1 1 0 2 4 1 4 4 3 1 1 4 1 0 1 1 2 1 5 3 5 1 1 3 1 0 0 1 1 3 5 4 1 4 1 4 2
 5 1 1 5 3 4 4 2 4 4 4 4 2 0 1 5 1 1 2 5 0 1 2 4 3 1 1 0 2 5 1 1 4 4 5 5 1
 1 1 1 0 0 5 5 2 5 5 4 5 2 3 0 5 5 1 0 4 1 0 5 1 5 1 1 2 0 4 4 0 5 1 4 4 1
 4 1 3 1 4 4 1 5 4 4 0 1 1 0 5 4 5 3 0 5 4 4 5 4 2 5 1 1 4 1 3 4 5 0 3 2 1
 5 1 4 1 1 0 5 5 1 1 1 4 4 1 0 3 4 1 0 1 1 4 1 1 3 5 5 2 5 2 1 1 4 4 1 3 5
 5 1 3 0 4 4 3 1 2 0 1 4 0 3 2 3 1 2 3]
2022-10-22 11:34:35 INFO     - run_kmed - [(1, 176), (5, 91), (4, 115), (0, 50), (3, 41), (2, 27)]
2022-10-22 11:35:47 INFO     - main - True
